<?xml version="1.0" encoding="UTF-8"?>
<!-- Generated by org.testng.reporters.JUnitReportReporter -->
<testsuite skipped="1" hostname="DESKTOP-0MAMV1O" name="com.TestNG.Annotations3" tests="4" failures="0" timestamp="28 Jan 2023 10:50:10 GMT" time="0.025" errors="0">
  <testcase name="gmailInBoxTest" time="0.008" classname="com.TestNG.Annotations3"/>
  <testcase name="gmailComposemailTest" time="0.013" classname="com.TestNG.Annotations3"/>
  <testcase name="gmailDraftTest" time="0.004" classname="com.TestNG.Annotations3"/>
  <testcase name="gmailsentmailTest" classname="com.TestNG.Annotations3">
    <skipped/>
  </testcase> <!-- gmailsentmailTest -->
</testsuite> <!-- com.TestNG.Annotations3 -->
