<?xml version="1.0" encoding="UTF-8"?>
<!-- Generated by org.testng.reporters.JUnitReportReporter -->
<testsuite skipped="0" hostname="DESKTOP-0MAMV1O" name="com.OrangeHRM.BaseTest" tests="1" failures="0" timestamp="28 Jan 2023 10:20:44 GMT" time="0.016" errors="0">
  <testcase name="HelloWorld" time="0.016" classname="com.OrangeHRM.BaseTest"/>
</testsuite> <!-- com.OrangeHRM.BaseTest -->
