<?xml version="1.0" encoding="UTF-8"?>
<!-- Generated by org.testng.reporters.JUnitReportReporter -->
<testsuite skipped="1" hostname="DESKTOP-0MAMV1O" name="com.TestNG.Annotations2" tests="4" failures="0" timestamp="28 Jan 2023 10:44:49 GMT" time="0.012" errors="0">
  <testcase name="gmailInBoxTest" time="0.007" classname="com.TestNG.Annotations2"/>
  <testcase name="gmailComposemailTest" time="0.003" classname="com.TestNG.Annotations2"/>
  <testcase name="gmailDraftTest" time="0.002" classname="com.TestNG.Annotations2"/>
  <testcase name="gmailsentmailTest" classname="com.TestNG.Annotations2">
    <skipped/>
  </testcase> <!-- gmailsentmailTest -->
</testsuite> <!-- com.TestNG.Annotations2 -->
