<?xml version="1.0" encoding="UTF-8"?>
<!-- Generated by org.testng.reporters.JUnitReportReporter -->
<testsuite skipped="1" hostname="DESKTOP-0MAMV1O" name="com.TestNG.Annotations1" tests="6" failures="0" timestamp="28 Jan 2023 10:37:30 GMT" time="0.040" errors="0">
  <testcase name="gmailApplicationLanch" time="0.020" classname="com.TestNG.Annotations1"/>
  <testcase name="gmailInBoxTest" time="0.009" classname="com.TestNG.Annotations1"/>
  <testcase name="gmailComposemailTest" time="0.002" classname="com.TestNG.Annotations1"/>
  <testcase name="gmailDraftTest" time="0.004" classname="com.TestNG.Annotations1"/>
  <testcase name="gmailApplicationclose" time="0.005" classname="com.TestNG.Annotations1"/>
  <testcase name="gmailsentmailTest" classname="com.TestNG.Annotations1">
    <skipped/>
  </testcase> <!-- gmailsentmailTest -->
</testsuite> <!-- com.TestNG.Annotations1 -->
